NumExpr defaulting to 4 threads.
NumExpr defaulting to 4 threads.
Watching for file changes with StatReloader
NumExpr defaulting to 4 threads.
NumExpr defaulting to 4 threads.
Watching for file changes with StatReloader
NumExpr defaulting to 4 threads.
Successfully processed file: excel_files/CallOver_Report_2024_Jan_-_Dec_UhUApp1..xlsx
Successfully processed file: excel_files/CallOver_Report_2025_April_1st_-_July_7th.xlsx
Successfully processed file: excel_files/CallOver_Report_2025_Jan_-_March.xlsx
STREAM b'IHDR' 16 13
STREAM b'IDAT' 41 8192
STREAM b'IHDR' 16 13
STREAM b'IDAT' 41 8192
STREAM b'IHDR' 16 13
STREAM b'IDAT' 41 8192
STREAM b'IHDR' 16 13
STREAM b'IDAT' 41 8192
Watching for file changes with StatReloader
NumExpr defaulting to 4 threads.
STREAM b'IHDR' 16 13
STREAM b'IDAT' 41 8192
STREAM b'IHDR' 16 13
STREAM b'IDAT' 41 8192
STREAM b'IHDR' 16 13
STREAM b'IDAT' 41 8192
STREAM b'IHDR' 16 13
STREAM b'IDAT' 41 8192
Watching for file changes with StatReloader
NumExpr defaulting to 4 threads.
Not Found: /favicon.ico
STREAM b'IHDR' 16 13
STREAM b'IDAT' 41 8192
STREAM b'IHDR' 16 13
STREAM b'IDAT' 41 8192
